# configure exec: ./configure --prefix=/home/maazafzaal/Personal/mern/backend/mongodb/node_modules/node-rdkafka/build/deps --libdir=/home/maazafzaal/Personal/mern/backend/mongodb/node_modules/node-rdkafka/build/deps --prefix=/home/maazafzaal/Personal/mern/backend/mongodb/node_modules/node-rdkafka/build/deps --libdir=/home/maazafzaal/Personal/mern/backend/mongodb/node_modules/node-rdkafka/build/deps
# On Mon 12 Sep 2022 04:38:09 PM PKT
DBG 151326: Setting distro (distro) status to ok (action ignore)
DBG 151326: ccenv: WITH_CC:  --version failed: mklove/modules/configure.base: line 1798: --version: command not found
DBG 151326: Setting ccenv (ccenv) status to failed (action cont)
DBG 151326: Check ccenv (WITH_CC, action cont (originally cont)) failed: command ' --version' failed:
mklove/modules/configure.base: line 1798: --version: command not found
DBG 151326: Setting gcc (gcc) status to ok (action cont)
DBG 151326: cxxenv: WITH_CXX:  --version failed: mklove/modules/configure.base: line 1798: --version: command not found
DBG 151326: Setting cxxenv (cxxenv) status to failed (action cont)
DBG 151326: Check cxxenv (WITH_CXX, action cont (originally cont)) failed: command ' --version' failed:
mklove/modules/configure.base: line 1798: --version: command not found
DBG 151326: Setting gxx (gxx) status to ok (action cont)
DBG 151326: Setting ld (ld) status to ok (action disable)
DBG 151326: Setting nm (nm) status to ok (action disable)
DBG 151326: Setting objdump (objdump) status to ok (action disable)
DBG 151326: Setting strip (strip) status to ok (action disable)
DBG 151326: libtool: : libtool is not executable: 
DBG 151326: Setting libtool (libtool) status to failed (action disable)
DBG 151326: Check libtool (, action disable (originally disable)) failed: libtool is not executable
DBG 151326: Setting ranlib (ranlib) status to ok (action disable)
DBG 151326: Setting pkgconfig (pkgconfig) status to ok (action cont)
DBG 151326: Setting install (install) status to ok (action cont)
DBG 151326: Setting gnuar (gnuar) status to ok (action disable)
DBG 151326: Compile check PIC (HAVE_PIC) (sub=0): gcc  -g -O2 -Wall -Werror _mkltmpr4iMDz.c -o _mkltmpr4iMDz.c.o  -L/home/maazafzaal/Personal/mern/backend/mongodb/node_modules/node-rdkafka/build/deps -fPIC
DBG 151326: Setting PIC (PIC) status to ok (action disable)
DBG 151326: Compile check gnulib (WITH_GNULD) (sub=0): gcc  -g -O2 -fPIC -Wall -Werror _mkltmpOBt744.c -o _mkltmpOBt744.c.o  -L/home/maazafzaal/Personal/mern/backend/mongodb/node_modules/node-rdkafka/build/deps -shared -Wl,-soname,mkltest.0
DBG 151326: Setting gnulib (gnulib) status to ok (action cont)
DBG 151326: Compile check ldsflagvs () (sub=0): gcc  -g -O2 -fPIC -Wall -Werror _mkltmp6sEJ4v.c -o _mkltmp6sEJ4v.c.o  -L/home/maazafzaal/Personal/mern/backend/mongodb/node_modules/node-rdkafka/build/deps -shared -Wl,--version-script=_mkltmpOVYDKr
DBG 151326: Setting ldsflagvs (ldsflagvs) status to ok (action cont)
DBG 151326: Compile check __atomic_32 (HAVE_ATOMICS_32) (sub=0): gcc  -g -O2 -fPIC -Wall -Werror _mkltmpE07pDA.c -o _mkltmpE07pDA.c.o  -L/home/maazafzaal/Personal/mern/backend/mongodb/node_modules/node-rdkafka/build/deps 
DBG 151326: Setting __atomic_32 (__atomic_32) status to ok (action cont)
DBG 151326: Compile check __atomic_64 (HAVE_ATOMICS_64) (sub=0): gcc  -g -O2 -fPIC -Wall -Werror _mkltmpl6gkTO.c -o _mkltmpl6gkTO.c.o  -L/home/maazafzaal/Personal/mern/backend/mongodb/node_modules/node-rdkafka/build/deps 
DBG 151326: Setting __atomic_64 (__atomic_64) status to ok (action cont)
DBG 151326: Compile check socket () (sub=0): gcc  -g -O2 -fPIC -Wall -Wsign-compare -Wfloat-equal -Wpointer-arith -Wcast-align -Wall -Werror _mkltmpE3Zn9r.c -o _mkltmpE3Zn9r.c.o  -L/home/maazafzaal/Personal/mern/backend/mongodb/node_modules/node-rdkafka/build/deps 
DBG 151326: Setting socket (socket) status to ok (action cont)
DBG 151326: Setting parseversion (parseversion) status to ok (action cont)
DBG 151326: pkg-config check librt for CFLAGS (): pkg-config --short-errors --cflags librt
DBG 151326: 'pkg-config --short-errors --cflags librt' failed: No package 'librt' found
DBG 151326: Setting librt_PKGCONFIG (librt_PKGCONFIG) status to failed (action cont)
DBG 151326: Check librt_PKGCONFIG (, action cont (originally cont)) failed: 'pkg-config --short-errors --cflags librt' failed:
No package 'librt' found
DBG 151326: librt: Check for static library (libs -lrt, arfile variable STATIC_LIB_librt=, static filenames )
DBG 151326: Compile check librt () (sub=0): gcc  -g -O2 -fPIC -Wall -Wsign-compare -Wfloat-equal -Wpointer-arith -Wcast-align -Wall -Werror _mkltmpt3Chhp.c -o _mkltmpt3Chhp.c.o  -L/home/maazafzaal/Personal/mern/backend/mongodb/node_modules/node-rdkafka/build/deps -lrt
DBG 151326: Setting librt (librt) status to ok (action cont)
DBG 151326: librt: from lib_check: LIBS: prepend -lrt
DBG 151326: pkg-config check libpthread for CFLAGS (): pkg-config --short-errors --cflags libpthread
DBG 151326: 'pkg-config --short-errors --cflags libpthread' failed: No package 'libpthread' found
DBG 151326: Setting libpthread_PKGCONFIG (libpthread_PKGCONFIG) status to failed (action cont)
DBG 151326: Check libpthread_PKGCONFIG (, action cont (originally cont)) failed: 'pkg-config --short-errors --cflags libpthread' failed:
No package 'libpthread' found
DBG 151326: libpthread: Check for static library (libs -lpthread, arfile variable STATIC_LIB_libpthread=, static filenames )
DBG 151326: Compile check libpthread () (sub=0): gcc  -g -O2 -fPIC -Wall -Wsign-compare -Wfloat-equal -Wpointer-arith -Wcast-align -Wall -Werror _mkltmpAHIMVy.c -o _mkltmpAHIMVy.c.o  -L/home/maazafzaal/Personal/mern/backend/mongodb/node_modules/node-rdkafka/build/deps -lpthread
DBG 151326: Setting libpthread (libpthread) status to ok (action fail)
DBG 151326: libpthread: from lib_check: LIBS: prepend -lpthread
DBG 151326: pkg-config check c11threads for CFLAGS (WITH_C11THREADS): pkg-config --short-errors --cflags c11threads
DBG 151326: 'pkg-config --short-errors --cflags c11threads' failed: No package 'c11threads' found
DBG 151326: Setting c11threads_PKGCONFIG (c11threads_PKGCONFIG) status to failed (action cont)
DBG 151326: Check c11threads_PKGCONFIG (, action cont (originally cont)) failed: 'pkg-config --short-errors --cflags c11threads' failed:
No package 'c11threads' found
DBG 151326: c11threads: Check for static library (libs -lpthread -lrt, arfile variable STATIC_LIB_c11threads=, static filenames )
DBG 151326: Compile check c11threads (WITH_C11THREADS) (sub=0): gcc  -g -O2 -fPIC -Wall -Wsign-compare -Wfloat-equal -Wpointer-arith -Wcast-align -Wall -Werror _mkltmpe1g3BR.c -o _mkltmpe1g3BR.c.o  -L/home/maazafzaal/Personal/mern/backend/mongodb/node_modules/node-rdkafka/build/deps -lpthread -lrt
DBG 151326: Setting c11threads (c11threads) status to ok (action disable)
DBG 151326: c11threads: from lib_check: LIBS: prepend -lpthread -lrt
DBG 151326: pkg-config check libdl for CFLAGS (WITH_LIBDL): pkg-config --short-errors --cflags libdl
DBG 151326: 'pkg-config --short-errors --cflags libdl' failed: No package 'libdl' found
DBG 151326: Setting libdl_PKGCONFIG (libdl_PKGCONFIG) status to failed (action cont)
DBG 151326: Check libdl_PKGCONFIG (, action cont (originally cont)) failed: 'pkg-config --short-errors --cflags libdl' failed:
No package 'libdl' found
DBG 151326: libdl: Check for static library (libs -ldl, arfile variable STATIC_LIB_libdl=, static filenames )
DBG 151326: Compile check libdl (WITH_LIBDL) (sub=0): gcc  -g -O2 -fPIC -Wall -Wsign-compare -Wfloat-equal -Wpointer-arith -Wcast-align -Wall -Werror _mkltmpE8BHcs.c -o _mkltmpE8BHcs.c.o  -L/home/maazafzaal/Personal/mern/backend/mongodb/node_modules/node-rdkafka/build/deps -ldl
DBG 151326: Setting libdl (libdl) status to ok (action disable)
DBG 151326: libdl: from lib_check: LIBS: prepend -ldl
DBG 151326: pkg-config check zlib for CFLAGS (WITH_ZLIB): pkg-config --short-errors --cflags zlib
DBG 151326: 'pkg-config --short-errors --cflags zlib' failed: No package 'zlib' found
DBG 151326: Setting zlib_PKGCONFIG (zlib_PKGCONFIG) status to failed (action cont)
DBG 151326: Check zlib_PKGCONFIG (, action cont (originally cont)) failed: 'pkg-config --short-errors --cflags zlib' failed:
No package 'zlib' found
DBG 151326: zlib: Check for static library (libs -lz, arfile variable STATIC_LIB_zlib=, static filenames libz.a)
DBG 151326: Compile check zlib (WITH_ZLIB) (sub=0): gcc  -g -O2 -fPIC -Wall -Wsign-compare -Wfloat-equal -Wpointer-arith -Wcast-align -Wall -Werror _mkltmptVufjy.c -o _mkltmptVufjy.c.o  -L/home/maazafzaal/Personal/mern/backend/mongodb/node_modules/node-rdkafka/build/deps -lz
DBG 151326: compile check for zlib (WITH_ZLIB) failed: gcc  -g -O2 -fPIC -Wall -Wsign-compare -Wfloat-equal -Wpointer-arith -Wcast-align -Wall -Werror _mkltmptVufjy.c -o _mkltmptVufjy.c.o  -L/home/maazafzaal/Personal/mern/backend/mongodb/node_modules/node-rdkafka/build/deps -lz: _mkltmptVufjy.c:3:10: fatal error: zlib.h: No such file or directory
    3 | #include <zlib.h>
      |          ^~~~~~~~
compilation terminated.
DBG 151326: Setting zlib (zlib) status to failed (action disable)
DBG 151326: Check zlib (WITH_ZLIB, action disable (originally disable)) failed: compile check failed:
CC: CC
flags: -lz
gcc  -g -O2 -fPIC -Wall -Wsign-compare -Wfloat-equal -Wpointer-arith -Wcast-align -Wall -Werror _mkltmptVufjy.c -o _mkltmptVufjy.c.o  -L/home/maazafzaal/Personal/mern/backend/mongodb/node_modules/node-rdkafka/build/deps -lz:
_mkltmptVufjy.c:3:10: fatal error: zlib.h: No such file or directory
    3 | #include <zlib.h>
      |          ^~~~~~~~
compilation terminated.
source: 
#include <stddef.h>
#include <zlib.h>

void foo (void) {
     z_stream *p = NULL;
     inflate(p, 0);
}

DBG 151326: pkg-config check libcrypto for CFLAGS (): pkg-config --short-errors --cflags libcrypto
DBG 151326: pkg-config check libcrypto for LIBS (): pkg-config --short-errors --libs libcrypto
DBG 151326: libcrypto: from pkg-config: CFLAGS '', LIBS '-ldl -lpthread -lrt -lpthread -lrt'
DBG 151326: libcrypto: performing compile check using pkg-config info
DBG 151326: Compile check libcrypto () (sub=1): gcc  -g -O2 -fPIC -Wall -Wsign-compare -Wfloat-equal -Wpointer-arith -Wcast-align -Wall -Werror _mkltmpsmRxOx.c -o _mkltmpsmRxOx.c.o  -L/home/maazafzaal/Personal/mern/backend/mongodb/node_modules/node-rdkafka/build/deps  -lcrypto
DBG 151326: libcrypto: Check for static library (libs -lcrypto, arfile variable STATIC_LIB_libcrypto=, static filenames libcrypto.a)
DBG 151326: libcrypto: from pkg-config: LIBS: prepend -lcrypto
DBG 151326: Setting libcrypto (libcrypto) status to ok (action cont)
DBG 151326: pkg-config check libssl for CFLAGS (WITH_SSL): pkg-config --short-errors --cflags libssl
DBG 151326: pkg-config check libssl for LIBS (WITH_SSL): pkg-config --short-errors --libs libssl
DBG 151326: libssl: from pkg-config: CFLAGS '', LIBS '-lcrypto -ldl -lpthread -lrt -lpthread -lrt'
DBG 151326: libssl: performing compile check using pkg-config info
DBG 151326: Compile check libssl (WITH_SSL) (sub=1): gcc  -g -O2 -fPIC -Wall -Wsign-compare -Wfloat-equal -Wpointer-arith -Wcast-align -Wall -Werror _mkltmp3JTFU8.c -o _mkltmp3JTFU8.c.o  -L/home/maazafzaal/Personal/mern/backend/mongodb/node_modules/node-rdkafka/build/deps  -lssl
DBG 151326: libssl: Check for static library (libs -lssl, arfile variable STATIC_LIB_libssl=, static filenames libssl.a)
DBG 151326: libssl: from pkg-config: LIBS: prepend -lssl
DBG 151326: Setting libssl (libssl) status to ok (action cont)
DBG 151326: pkg-config check libsasl2 for CFLAGS (WITH_SASL_CYRUS): pkg-config --short-errors --cflags libsasl2
DBG 151326: 'pkg-config --short-errors --cflags libsasl2' failed: No package 'libsasl2' found
DBG 151326: Setting libsasl2_PKGCONFIG (libsasl2_PKGCONFIG) status to failed (action cont)
DBG 151326: Check libsasl2_PKGCONFIG (, action cont (originally cont)) failed: 'pkg-config --short-errors --cflags libsasl2' failed:
No package 'libsasl2' found
DBG 151326: libsasl2: Check for static library (libs -lsasl2, arfile variable STATIC_LIB_libsasl2=, static filenames )
DBG 151326: Compile check libsasl2 (WITH_SASL_CYRUS) (sub=0): gcc  -g -O2 -fPIC -Wall -Wsign-compare -Wfloat-equal -Wpointer-arith -Wcast-align -Wall -Werror _mkltmpnGiMJ2.c -o _mkltmpnGiMJ2.c.o  -L/home/maazafzaal/Personal/mern/backend/mongodb/node_modules/node-rdkafka/build/deps -lsasl2
DBG 151326: compile check for libsasl2 (WITH_SASL_CYRUS) failed: gcc  -g -O2 -fPIC -Wall -Wsign-compare -Wfloat-equal -Wpointer-arith -Wcast-align -Wall -Werror _mkltmpnGiMJ2.c -o _mkltmpnGiMJ2.c.o  -L/home/maazafzaal/Personal/mern/backend/mongodb/node_modules/node-rdkafka/build/deps -lsasl2: _mkltmpnGiMJ2.c:3:10: fatal error: sasl/sasl.h: No such file or directory
    3 | #include <sasl/sasl.h>
      |          ^~~~~~~~~~~~~
compilation terminated.
DBG 151326: Setting libsasl2 (libsasl2) status to failed (action disable)
DBG 151326: Check libsasl2 (WITH_SASL_CYRUS, action disable (originally disable)) failed: compile check failed:
CC: CC
flags: -lsasl2
gcc  -g -O2 -fPIC -Wall -Wsign-compare -Wfloat-equal -Wpointer-arith -Wcast-align -Wall -Werror _mkltmpnGiMJ2.c -o _mkltmpnGiMJ2.c.o  -L/home/maazafzaal/Personal/mern/backend/mongodb/node_modules/node-rdkafka/build/deps -lsasl2:
_mkltmpnGiMJ2.c:3:10: fatal error: sasl/sasl.h: No such file or directory
    3 | #include <sasl/sasl.h>
      |          ^~~~~~~~~~~~~
compilation terminated.
source: 
#include <stddef.h>
#include <sasl/sasl.h>

DBG 151326: pkg-config check libsasl for CFLAGS (WITH_SASL_CYRUS): pkg-config --short-errors --cflags libsasl
DBG 151326: 'pkg-config --short-errors --cflags libsasl' failed: No package 'libsasl' found
DBG 151326: Setting libsasl_PKGCONFIG (libsasl_PKGCONFIG) status to failed (action cont)
DBG 151326: Check libsasl_PKGCONFIG (, action cont (originally cont)) failed: 'pkg-config --short-errors --cflags libsasl' failed:
No package 'libsasl' found
DBG 151326: libsasl: Check for static library (libs -lsasl, arfile variable STATIC_LIB_libsasl=, static filenames )
DBG 151326: Compile check libsasl (WITH_SASL_CYRUS) (sub=0): gcc  -g -O2 -fPIC -Wall -Wsign-compare -Wfloat-equal -Wpointer-arith -Wcast-align -Wall -Werror _mkltmp7TK13K.c -o _mkltmp7TK13K.c.o  -L/home/maazafzaal/Personal/mern/backend/mongodb/node_modules/node-rdkafka/build/deps -lsasl
DBG 151326: compile check for libsasl (WITH_SASL_CYRUS) failed: gcc  -g -O2 -fPIC -Wall -Wsign-compare -Wfloat-equal -Wpointer-arith -Wcast-align -Wall -Werror _mkltmp7TK13K.c -o _mkltmp7TK13K.c.o  -L/home/maazafzaal/Personal/mern/backend/mongodb/node_modules/node-rdkafka/build/deps -lsasl: _mkltmp7TK13K.c:3:10: fatal error: sasl/sasl.h: No such file or directory
    3 | #include <sasl/sasl.h>
      |          ^~~~~~~~~~~~~
compilation terminated.
DBG 151326: Setting libsasl (libsasl) status to failed (action disable)
DBG 151326: Check libsasl (WITH_SASL_CYRUS, action disable (originally disable)) failed: compile check failed:
CC: CC
flags: -lsasl
gcc  -g -O2 -fPIC -Wall -Wsign-compare -Wfloat-equal -Wpointer-arith -Wcast-align -Wall -Werror _mkltmp7TK13K.c -o _mkltmp7TK13K.c.o  -L/home/maazafzaal/Personal/mern/backend/mongodb/node_modules/node-rdkafka/build/deps -lsasl:
_mkltmp7TK13K.c:3:10: fatal error: sasl/sasl.h: No such file or directory
    3 | #include <sasl/sasl.h>
      |          ^~~~~~~~~~~~~
compilation terminated.
source: 
#include <stddef.h>
#include <sasl/sasl.h>

DBG 151326: pkg-config check libzstd for CFLAGS (WITH_ZSTD): pkg-config --short-errors --cflags libzstd
DBG 151326: 'pkg-config --short-errors --cflags libzstd' failed: No package 'libzstd' found
DBG 151326: Setting libzstd_PKGCONFIG (libzstd_PKGCONFIG) status to failed (action cont)
DBG 151326: Check libzstd_PKGCONFIG (, action cont (originally cont)) failed: 'pkg-config --short-errors --cflags libzstd' failed:
No package 'libzstd' found
DBG 151326: libzstd: Check for static library (libs -lzstd, arfile variable STATIC_LIB_libzstd=, static filenames libzstd.a)
DBG 151326: Compile check libzstd (WITH_ZSTD) (sub=0): gcc  -g -O2 -fPIC -Wall -Wsign-compare -Wfloat-equal -Wpointer-arith -Wcast-align -Wall -Werror _mkltmplETiOO.c -o _mkltmplETiOO.c.o  -L/home/maazafzaal/Personal/mern/backend/mongodb/node_modules/node-rdkafka/build/deps -lzstd
DBG 151326: compile check for libzstd (WITH_ZSTD) failed: gcc  -g -O2 -fPIC -Wall -Wsign-compare -Wfloat-equal -Wpointer-arith -Wcast-align -Wall -Werror _mkltmplETiOO.c -o _mkltmplETiOO.c.o  -L/home/maazafzaal/Personal/mern/backend/mongodb/node_modules/node-rdkafka/build/deps -lzstd: _mkltmplETiOO.c:2:10: fatal error: zstd.h: No such file or directory
    2 | #include <zstd.h>
      |          ^~~~~~~~
compilation terminated.
DBG 151326: Setting libzstd (libzstd) status to failed (action disable)
DBG 151326: Check libzstd (WITH_ZSTD, action disable (originally disable)) failed: compile check failed:
CC: CC
flags: -lzstd
gcc  -g -O2 -fPIC -Wall -Wsign-compare -Wfloat-equal -Wpointer-arith -Wcast-align -Wall -Werror _mkltmplETiOO.c -o _mkltmplETiOO.c.o  -L/home/maazafzaal/Personal/mern/backend/mongodb/node_modules/node-rdkafka/build/deps -lzstd:
_mkltmplETiOO.c:2:10: fatal error: zstd.h: No such file or directory
    2 | #include <zstd.h>
      |          ^~~~~~~~
compilation terminated.
source: 
#include <zstd.h>
#include <zstd_errors.h>

void foo (void) {
     ZSTD_getFrameContentSize(NULL, 0);
}

DBG 151326: pkg-config check libm for CFLAGS (): pkg-config --short-errors --cflags libm
DBG 151326: 'pkg-config --short-errors --cflags libm' failed: No package 'libm' found
DBG 151326: Setting libm_PKGCONFIG (libm_PKGCONFIG) status to failed (action cont)
DBG 151326: Check libm_PKGCONFIG (, action cont (originally cont)) failed: 'pkg-config --short-errors --cflags libm' failed:
No package 'libm' found
DBG 151326: libm: Check for static library (libs -lm, arfile variable STATIC_LIB_libm=, static filenames )
DBG 151326: Compile check libm () (sub=0): gcc  -g -O2 -fPIC -Wall -Wsign-compare -Wfloat-equal -Wpointer-arith -Wcast-align -Wall -Werror _mkltmpZs8tE1.c -o _mkltmpZs8tE1.c.o  -L/home/maazafzaal/Personal/mern/backend/mongodb/node_modules/node-rdkafka/build/deps -lm
DBG 151326: Setting libm (libm) status to ok (action disable)
DBG 151326: libm: from lib_check: LIBS: prepend -lm
DBG 151326: pkg-config check liblz4 for CFLAGS (WITH_LZ4_EXT): pkg-config --short-errors --cflags liblz4
DBG 151326: 'pkg-config --short-errors --cflags liblz4' failed: No package 'liblz4' found
DBG 151326: Setting liblz4_PKGCONFIG (liblz4_PKGCONFIG) status to failed (action cont)
DBG 151326: Check liblz4_PKGCONFIG (, action cont (originally cont)) failed: 'pkg-config --short-errors --cflags liblz4' failed:
No package 'liblz4' found
DBG 151326: liblz4: Check for static library (libs -llz4, arfile variable STATIC_LIB_liblz4=, static filenames liblz4.a)
DBG 151326: Compile check liblz4 (WITH_LZ4_EXT) (sub=0): gcc  -g -O2 -fPIC -Wall -Wsign-compare -Wfloat-equal -Wpointer-arith -Wcast-align -Wall -Werror _mkltmpCp8RGb.c -o _mkltmpCp8RGb.c.o  -L/home/maazafzaal/Personal/mern/backend/mongodb/node_modules/node-rdkafka/build/deps -llz4
DBG 151326: compile check for liblz4 (WITH_LZ4_EXT) failed: gcc  -g -O2 -fPIC -Wall -Wsign-compare -Wfloat-equal -Wpointer-arith -Wcast-align -Wall -Werror _mkltmpCp8RGb.c -o _mkltmpCp8RGb.c.o  -L/home/maazafzaal/Personal/mern/backend/mongodb/node_modules/node-rdkafka/build/deps -llz4: _mkltmpCp8RGb.c:1:10: fatal error: lz4frame.h: No such file or directory
    1 | #include <lz4frame.h>
      |          ^~~~~~~~~~~~
compilation terminated.
DBG 151326: Setting liblz4 (liblz4) status to failed (action disable)
DBG 151326: Check liblz4 (WITH_LZ4_EXT, action disable (originally disable)) failed: compile check failed:
CC: CC
flags: -llz4
gcc  -g -O2 -fPIC -Wall -Wsign-compare -Wfloat-equal -Wpointer-arith -Wcast-align -Wall -Werror _mkltmpCp8RGb.c -o _mkltmpCp8RGb.c.o  -L/home/maazafzaal/Personal/mern/backend/mongodb/node_modules/node-rdkafka/build/deps -llz4:
_mkltmpCp8RGb.c:1:10: fatal error: lz4frame.h: No such file or directory
    1 | #include <lz4frame.h>
      |          ^~~~~~~~~~~~
compilation terminated.
source: #include <lz4frame.h>
DBG 151326: Compile check syslog (WITH_SYSLOG) (sub=0): gcc  -g -O2 -fPIC -Wall -Wsign-compare -Wfloat-equal -Wpointer-arith -Wcast-align -Wall -Werror _mkltmp7n4E65.c -o _mkltmp7n4E65.c.o  -L/home/maazafzaal/Personal/mern/backend/mongodb/node_modules/node-rdkafka/build/deps 
DBG 151326: Setting syslog (syslog) status to ok (action disable)
DBG 151326: Compile check rapidjson (WITH_RAPIDJSON) (sub=0): g++  -g -O2 -fPIC -Wall -Wsign-compare -Wfloat-equal -Wpointer-arith -Wcast-align -Wall -Werror _mkltmpy09uAi.cpp -o _mkltmpy09uAi.cpp.o  -L/home/maazafzaal/Personal/mern/backend/mongodb/node_modules/node-rdkafka/build/deps 
DBG 151326: compile check for rapidjson (WITH_RAPIDJSON) failed: g++  -g -O2 -fPIC -Wall -Wsign-compare -Wfloat-equal -Wpointer-arith -Wcast-align -Wall -Werror _mkltmpy09uAi.cpp -o _mkltmpy09uAi.cpp.o  -L/home/maazafzaal/Personal/mern/backend/mongodb/node_modules/node-rdkafka/build/deps : _mkltmpy09uAi.cpp:1:10: fatal error: rapidjson/schema.h: No such file or directory
    1 | #include <rapidjson/schema.h>
      |          ^~~~~~~~~~~~~~~~~~~~
compilation terminated.
DBG 151326: Setting rapidjson (rapidjson) status to failed (action disable)
DBG 151326: Check rapidjson (WITH_RAPIDJSON, action disable (originally disable)) failed: compile check failed:
CC: CXX
flags: 
g++  -g -O2 -fPIC -Wall -Wsign-compare -Wfloat-equal -Wpointer-arith -Wcast-align -Wall -Werror _mkltmpy09uAi.cpp -o _mkltmpy09uAi.cpp.o  -L/home/maazafzaal/Personal/mern/backend/mongodb/node_modules/node-rdkafka/build/deps :
_mkltmpy09uAi.cpp:1:10: fatal error: rapidjson/schema.h: No such file or directory
    1 | #include <rapidjson/schema.h>
      |          ^~~~~~~~~~~~~~~~~~~~
compilation terminated.
source: #include <rapidjson/schema.h>
DBG 151326: Compile check crc32chw (WITH_CRC32C_HW) (sub=0): gcc  -g -O2 -fPIC -Wall -Wsign-compare -Wfloat-equal -Wpointer-arith -Wcast-align -Wall -Werror _mkltmp1HHOFC.c -o _mkltmp1HHOFC.c.o  -L/home/maazafzaal/Personal/mern/backend/mongodb/node_modules/node-rdkafka/build/deps 
DBG 151326: Setting crc32chw (crc32chw) status to ok (action disable)
DBG 151326: Compile check regex (HAVE_REGEX) (sub=0): gcc  -g -O2 -fPIC -Wall -Wsign-compare -Wfloat-equal -Wpointer-arith -Wcast-align -Wall -Werror _mkltmpCJrTMW.c -o _mkltmpCJrTMW.c.o  -L/home/maazafzaal/Personal/mern/backend/mongodb/node_modules/node-rdkafka/build/deps 
DBG 151326: Setting regex (regex) status to ok (action disable)
DBG 151326: Compile check rand_r (HAVE_RAND_R) (sub=0): gcc  -g -O2 -fPIC -Wall -Wsign-compare -Wfloat-equal -Wpointer-arith -Wcast-align -Wall -Werror _mkltmpbpOAAe.c -o _mkltmpbpOAAe.c.o  -L/home/maazafzaal/Personal/mern/backend/mongodb/node_modules/node-rdkafka/build/deps 
DBG 151326: Setting rand_r (rand_r) status to ok (action disable)
DBG 151326: Compile check strndup (HAVE_STRNDUP) (sub=0): gcc  -g -O2 -fPIC -Wall -Wsign-compare -Wfloat-equal -Wpointer-arith -Wcast-align -Wall -Werror _mkltmpgUsaj7.c -o _mkltmpgUsaj7.c.o  -L/home/maazafzaal/Personal/mern/backend/mongodb/node_modules/node-rdkafka/build/deps 
DBG 151326: Setting strndup (strndup) status to ok (action disable)
DBG 151326: Compile check strlcpy (HAVE_STRLCPY) (sub=0): gcc  -g -O2 -fPIC -Wall -Wsign-compare -Wfloat-equal -Wpointer-arith -Wcast-align -Wall -Werror _mkltmpINXO88.c -o _mkltmpINXO88.c.o  -L/home/maazafzaal/Personal/mern/backend/mongodb/node_modules/node-rdkafka/build/deps 
DBG 151326: compile check for strlcpy (HAVE_STRLCPY) failed: gcc  -g -O2 -fPIC -Wall -Wsign-compare -Wfloat-equal -Wpointer-arith -Wcast-align -Wall -Werror _mkltmpINXO88.c -o _mkltmpINXO88.c.o  -L/home/maazafzaal/Personal/mern/backend/mongodb/node_modules/node-rdkafka/build/deps : _mkltmpINXO88.c: In function ‘foo’:
_mkltmpINXO88.c:6:11: error: implicit declaration of function ‘strlcpy’; did you mean ‘strncpy’? [-Werror=implicit-function-declaration]
    6 |    return strlcpy(dest, "something", sizeof(dest));
      |           ^~~~~~~
      |           strncpy
cc1: all warnings being treated as errors
DBG 151326: Setting strlcpy (strlcpy) status to failed (action disable)
DBG 151326: Check strlcpy (HAVE_STRLCPY, action disable (originally disable)) failed: compile check failed:
CC: CC
flags: 
gcc  -g -O2 -fPIC -Wall -Wsign-compare -Wfloat-equal -Wpointer-arith -Wcast-align -Wall -Werror _mkltmpINXO88.c -o _mkltmpINXO88.c.o  -L/home/maazafzaal/Personal/mern/backend/mongodb/node_modules/node-rdkafka/build/deps :
_mkltmpINXO88.c: In function ‘foo’:
_mkltmpINXO88.c:6:11: error: implicit declaration of function ‘strlcpy’; did you mean ‘strncpy’? [-Werror=implicit-function-declaration]
    6 |    return strlcpy(dest, "something", sizeof(dest));
      |           ^~~~~~~
      |           strncpy
cc1: all warnings being treated as errors
source: 
#define _DARWIN_C_SOURCE
#include <string.h>
int foo (void) {
    char dest[4];
   return strlcpy(dest, "something", sizeof(dest));
}
DBG 151326: Compile check strerror_r (HAVE_STRERROR_R) (sub=0): gcc  -g -O2 -fPIC -Wall -Wsign-compare -Wfloat-equal -Wpointer-arith -Wcast-align -Wall -Werror _mkltmpPSHtLj.c -o _mkltmpPSHtLj.c.o  -L/home/maazafzaal/Personal/mern/backend/mongodb/node_modules/node-rdkafka/build/deps 
DBG 151326: Setting strerror_r (strerror_r) status to ok (action disable)
DBG 151326: Compile check strcasestr (HAVE_STRCASESTR) (sub=0): gcc  -g -O2 -fPIC -Wall -Wsign-compare -Wfloat-equal -Wpointer-arith -Wcast-align -Wall -Werror _mkltmpkPqMZi.c -o _mkltmpkPqMZi.c.o  -L/home/maazafzaal/Personal/mern/backend/mongodb/node_modules/node-rdkafka/build/deps 
DBG 151326: Setting strcasestr (strcasestr) status to ok (action disable)
DBG 151326: Compile check pthread_setname_gnu (HAVE_PTHREAD_SETNAME_GNU) (sub=0): gcc  -g -O2 -fPIC -Wall -Wsign-compare -Wfloat-equal -Wpointer-arith -Wcast-align -Wall -Werror _mkltmpkgSKRA.c -o _mkltmpkgSKRA.c.o  -L/home/maazafzaal/Personal/mern/backend/mongodb/node_modules/node-rdkafka/build/deps -D_GNU_SOURCE -lpthread
DBG 151326: Setting pthread_setname_gnu (pthread_setname_gnu) status to ok (action disable)
DBG 151326: Setting nm (nm) status to ok (action cont)
DBG 151326: Setting python3 (python3) status to ok (action disable)
DBG 151326: Compile check getrusage (HAVE_GETRUSAGE) (sub=0): gcc  -g -O2 -fPIC -Wall -Wsign-compare -Wfloat-equal -Wpointer-arith -Wcast-align -Wall -Werror _mkltmpmzxBr8.c -o _mkltmpmzxBr8.c.o  -L/home/maazafzaal/Personal/mern/backend/mongodb/node_modules/node-rdkafka/build/deps 
DBG 151326: Setting getrusage (getrusage) status to ok (action disable)
